<?xml version="1.0" encoding="UTF-8"?>
<!-- Generated by org.testng.reporters.JUnitReportReporter -->
<testsuite skipped="0" hostname="IN002GM8" name="lumaTC08.CreateAccount" tests="1" failures="0" timestamp="2023-01-25T12:25:30 IST" time="0.006" errors="0">
  <testcase name="verifyLogin" time="0.006" classname="lumaTC08.CreateAccount"/>
  <system-out/>
</testsuite> <!-- lumaTC08.CreateAccount -->
